[INFO ] 2019-09-10 17:02:59.747 [main] ApplicationHbaseGet - Starting ApplicationHbaseGet on debian with PID 11699 (/home/jefferson/Documentos/trabalho/claro/integracao/hbase-get/target/classes started by jefferson in /home/jefferson/Documentos/trabalho/claro/integracao/hbase-get)
[DEBUG] 2019-09-10 17:02:59.794 [main] ApplicationHbaseGet - Running with Spring Boot v2.1.0.RELEASE, Spring v5.1.2.RELEASE
[INFO ] 2019-09-10 17:02:59.797 [main] ApplicationHbaseGet - No active profile set, falling back to default profiles: default
[INFO ] 2019-09-10 17:03:14.776 [main] ApplicationHbaseGet - Started ApplicationHbaseGet in 18.32 seconds (JVM running for 26.715)
[ERROR] 2019-09-10 17:24:17.811 [http-nio-1191-exec-1] HbaseGetService - Erro em get no hbase java.net.SocketTimeoutException: callTimeout=1200000, callDuration=1223424: Failed after attempts=16, exceptions:
Tue Sep 10 17:14:36 BRT 2019, RpcRetryingCaller{globalStartTime=1568146446139, pause=100, maxAttempts=16}, java.net.UnknownHostException: brux1688.claro.com.br
Tue Sep 10 17:15:06 BRT 2019, RpcRetryingCaller{globalStartTime=1568146446139, pause=100, maxAttempts=16}, java.net.UnknownHostException: brux1688.claro.com.br
Tue Sep 10 17:15:36 BRT 2019, RpcRetryingCaller{globalStartTime=1568146446139, pause=100, maxAttempts=16}, java.net.UnknownHostException: brux1688.claro.com.br
Tue Sep 10 17:16:06 BRT 2019, RpcRetryingCaller{globalStartTime=1568146446139, pause=100, maxAttempts=16}, java.net.UnknownHostException: brux1688.claro.com.br
Tue Sep 10 17:16:37 BRT 2019, RpcRetryingCaller{globalStartTime=1568146446139, pause=100, maxAttempts=16}, java.net.UnknownHostException: brux1688.claro.com.br
Tue Sep 10 17:17:08 BRT 2019, RpcRetryingCaller{globalStartTime=1568146446139, pause=100, maxAttempts=16}, java.net.UnknownHostException: brux1688.claro.com.br
Tue Sep 10 17:17:41 BRT 2019, RpcRetryingCaller{globalStartTime=1568146446139, pause=100, maxAttempts=16}, java.net.UnknownHostException: brux1688.claro.com.br
Tue Sep 10 17:18:15 BRT 2019, RpcRetryingCaller{globalStartTime=1568146446139, pause=100, maxAttempts=16}, java.net.UnknownHostException: brux1688.claro.com.br
Tue Sep 10 17:18:55 BRT 2019, RpcRetryingCaller{globalStartTime=1568146446139, pause=100, maxAttempts=16}, java.net.UnknownHostException: brux1688.claro.com.br
Tue Sep 10 17:19:35 BRT 2019, RpcRetryingCaller{globalStartTime=1568146446139, pause=100, maxAttempts=16}, java.net.UnknownHostException: brux1688.claro.com.br
Tue Sep 10 17:20:15 BRT 2019, RpcRetryingCaller{globalStartTime=1568146446139, pause=100, maxAttempts=16}, java.net.UnknownHostException: brux1688.claro.com.br
Tue Sep 10 17:20:56 BRT 2019, RpcRetryingCaller{globalStartTime=1568146446139, pause=100, maxAttempts=16}, java.net.UnknownHostException: brux1688.claro.com.br: Nome ou serviço desconhecido
Tue Sep 10 17:21:46 BRT 2019, RpcRetryingCaller{globalStartTime=1568146446139, pause=100, maxAttempts=16}, java.net.UnknownHostException: brux1688.claro.com.br: Nome ou serviço desconhecido
Tue Sep 10 17:22:37 BRT 2019, RpcRetryingCaller{globalStartTime=1568146446139, pause=100, maxAttempts=16}, java.net.UnknownHostException: brux1688.claro.com.br: Nome ou serviço desconhecido
Tue Sep 10 17:23:27 BRT 2019, RpcRetryingCaller{globalStartTime=1568146446139, pause=100, maxAttempts=16}, java.net.UnknownHostException: brux1688.claro.com.br: Nome ou serviço desconhecido
Tue Sep 10 17:24:17 BRT 2019, RpcRetryingCaller{globalStartTime=1568146446139, pause=100, maxAttempts=16}, java.net.UnknownHostException: brux1688.claro.com.br
 row '5153' on table 'proposta' at null 
[ERROR] 2019-09-10 17:35:43.928 [http-nio-1191-exec-5] HbaseGetService - Erro em get no hbase java.net.SocketTimeoutException: callTimeout=1200000, callDuration=1895936: Failed after attempts=16, exceptions:
Tue Sep 10 17:20:19 BRT 2019, RpcRetryingCaller{globalStartTime=1568146759385, pause=100, maxAttempts=16}, java.net.UnknownHostException: brux1688.claro.com.br
Tue Sep 10 17:21:20 BRT 2019, RpcRetryingCaller{globalStartTime=1568146759385, pause=100, maxAttempts=16}, java.net.UnknownHostException: brux1688.claro.com.br
Tue Sep 10 17:22:20 BRT 2019, RpcRetryingCaller{globalStartTime=1568146759385, pause=100, maxAttempts=16}, java.net.UnknownHostException: brux1688.claro.com.br
Tue Sep 10 17:23:21 BRT 2019, RpcRetryingCaller{globalStartTime=1568146759385, pause=100, maxAttempts=16}, java.net.UnknownHostException: brux1688.claro.com.br
Tue Sep 10 17:24:22 BRT 2019, RpcRetryingCaller{globalStartTime=1568146759385, pause=100, maxAttempts=16}, java.net.UnknownHostException: brux1688.claro.com.br
Tue Sep 10 17:25:23 BRT 2019, RpcRetryingCaller{globalStartTime=1568146759385, pause=100, maxAttempts=16}, java.net.UnknownHostException: brux1688.claro.com.br
Tue Sep 10 17:26:24 BRT 2019, RpcRetryingCaller{globalStartTime=1568146759385, pause=100, maxAttempts=16}, java.net.UnknownHostException: brux1688.claro.com.br
Tue Sep 10 17:27:26 BRT 2019, RpcRetryingCaller{globalStartTime=1568146759385, pause=100, maxAttempts=16}, java.net.UnknownHostException: brux1688.claro.com.br
Tue Sep 10 17:28:27 BRT 2019, RpcRetryingCaller{globalStartTime=1568146759385, pause=100, maxAttempts=16}, java.net.UnknownHostException: brux1688.claro.com.br
Tue Sep 10 17:29:27 BRT 2019, RpcRetryingCaller{globalStartTime=1568146759385, pause=100, maxAttempts=16}, java.net.UnknownHostException: brux1688.claro.com.br
Tue Sep 10 17:30:28 BRT 2019, RpcRetryingCaller{globalStartTime=1568146759385, pause=100, maxAttempts=16}, java.net.UnknownHostException: brux1688.claro.com.br
Tue Sep 10 17:31:34 BRT 2019, RpcRetryingCaller{globalStartTime=1568146759385, pause=100, maxAttempts=16}, java.net.UnknownHostException: brux1688.claro.com.br
Tue Sep 10 17:32:36 BRT 2019, RpcRetryingCaller{globalStartTime=1568146759385, pause=100, maxAttempts=16}, java.net.UnknownHostException: brux1688.claro.com.br
Tue Sep 10 17:33:37 BRT 2019, RpcRetryingCaller{globalStartTime=1568146759385, pause=100, maxAttempts=16}, java.net.UnknownHostException: brux1688.claro.com.br
Tue Sep 10 17:34:38 BRT 2019, RpcRetryingCaller{globalStartTime=1568146759385, pause=100, maxAttempts=16}, java.net.UnknownHostException: brux1688.claro.com.br
Tue Sep 10 17:35:43 BRT 2019, RpcRetryingCaller{globalStartTime=1568146759385, pause=100, maxAttempts=16}, java.net.UnknownHostException: brux1688.claro.com.br
 row '5153' on table 'proposta' at null 
[ERROR] 2019-09-10 17:37:05.066 [http-nio-1191-exec-7] HbaseGetService - Erro em get no hbase java.net.SocketTimeoutException: callTimeout=1200000, callDuration=1918676: Failed after attempts=16, exceptions:
Tue Sep 10 17:21:50 BRT 2019, RpcRetryingCaller{globalStartTime=1568146850373, pause=100, maxAttempts=16}, java.net.UnknownHostException: brux1688.claro.com.br
Tue Sep 10 17:22:51 BRT 2019, RpcRetryingCaller{globalStartTime=1568146850373, pause=100, maxAttempts=16}, java.net.UnknownHostException: brux1688.claro.com.br
Tue Sep 10 17:23:51 BRT 2019, RpcRetryingCaller{globalStartTime=1568146850373, pause=100, maxAttempts=16}, java.net.UnknownHostException: brux1688.claro.com.br
Tue Sep 10 17:24:53 BRT 2019, RpcRetryingCaller{globalStartTime=1568146850373, pause=100, maxAttempts=16}, java.net.UnknownHostException: brux1688.claro.com.br
Tue Sep 10 17:25:53 BRT 2019, RpcRetryingCaller{globalStartTime=1568146850373, pause=100, maxAttempts=16}, java.net.UnknownHostException: brux1688.claro.com.br
Tue Sep 10 17:26:55 BRT 2019, RpcRetryingCaller{globalStartTime=1568146850373, pause=100, maxAttempts=16}, java.net.UnknownHostException: brux1688.claro.com.br
Tue Sep 10 17:27:56 BRT 2019, RpcRetryingCaller{globalStartTime=1568146850373, pause=100, maxAttempts=16}, java.net.UnknownHostException: brux1688.claro.com.br
Tue Sep 10 17:28:57 BRT 2019, RpcRetryingCaller{globalStartTime=1568146850373, pause=100, maxAttempts=16}, java.net.UnknownHostException: brux1688.claro.com.br
Tue Sep 10 17:29:58 BRT 2019, RpcRetryingCaller{globalStartTime=1568146850373, pause=100, maxAttempts=16}, java.net.UnknownHostException: brux1688.claro.com.br
Tue Sep 10 17:30:58 BRT 2019, RpcRetryingCaller{globalStartTime=1568146850373, pause=100, maxAttempts=16}, java.net.UnknownHostException: brux1688.claro.com.br
Tue Sep 10 17:32:05 BRT 2019, RpcRetryingCaller{globalStartTime=1568146850373, pause=100, maxAttempts=16}, java.net.UnknownHostException: brux1688.claro.com.br
Tue Sep 10 17:33:06 BRT 2019, RpcRetryingCaller{globalStartTime=1568146850373, pause=100, maxAttempts=16}, java.net.UnknownHostException: brux1688.claro.com.br
Tue Sep 10 17:34:07 BRT 2019, RpcRetryingCaller{globalStartTime=1568146850373, pause=100, maxAttempts=16}, java.net.UnknownHostException: brux1688.claro.com.br
Tue Sep 10 17:35:13 BRT 2019, RpcRetryingCaller{globalStartTime=1568146850373, pause=100, maxAttempts=16}, java.net.UnknownHostException: brux1688.claro.com.br
Tue Sep 10 17:36:14 BRT 2019, RpcRetryingCaller{globalStartTime=1568146850373, pause=100, maxAttempts=16}, java.net.UnknownHostException: brux1688.claro.com.br
Tue Sep 10 17:37:05 BRT 2019, RpcRetryingCaller{globalStartTime=1568146850373, pause=100, maxAttempts=16}, java.net.UnknownHostException: brux1688.claro.com.br: Nome ou serviço desconhecido
 row '5153' on table 'proposta' at null 
[INFO ] 2019-09-11 11:37:01.489 [main] ApplicationHbaseGet - Starting ApplicationHbaseGet on debian with PID 5888 (/home/jefferson/Documentos/trabalho/claro/integracao/hbase-get/target/classes started by jefferson in /home/jefferson/Documentos/trabalho/claro/integracao/hbase-get)
[DEBUG] 2019-09-11 11:37:01.541 [main] ApplicationHbaseGet - Running with Spring Boot v2.1.0.RELEASE, Spring v5.1.2.RELEASE
[INFO ] 2019-09-11 11:37:01.554 [main] ApplicationHbaseGet - No active profile set, falling back to default profiles: default
[INFO ] 2019-09-11 11:37:18.152 [main] ApplicationHbaseGet - Started ApplicationHbaseGet in 19.7 seconds (JVM running for 29.447)
[ERROR] 2019-09-11 11:38:47.144 [http-nio-1191-exec-1] HbaseGetService - Erro em get no hbase java.io.InterruptedIOException 
[ERROR] 2019-09-11 11:38:47.144 [http-nio-1191-exec-2] HbaseGetService - Erro em get no hbase java.io.InterruptedIOException 
[INFO ] 2019-09-11 11:55:05.087 [main] ApplicationHbaseGet - Starting ApplicationHbaseGet on debian with PID 6558 (/home/jefferson/Documentos/trabalho/claro/integracao/hbase-get/target/classes started by jefferson in /home/jefferson/Documentos/trabalho/claro/integracao/hbase-get)
[DEBUG] 2019-09-11 11:55:05.130 [main] ApplicationHbaseGet - Running with Spring Boot v2.1.0.RELEASE, Spring v5.1.2.RELEASE
[INFO ] 2019-09-11 11:55:05.140 [main] ApplicationHbaseGet - No active profile set, falling back to default profiles: default
[INFO ] 2019-09-11 11:55:30.954 [main] ApplicationHbaseGet - Started ApplicationHbaseGet in 28.953 seconds (JVM running for 37.075)
[ERROR] 2019-09-11 12:00:44.550 [http-nio-1191-exec-1] HbaseGetService - Erro em get no hbase java.io.InterruptedIOException 
[ERROR] 2019-09-11 12:00:44.548 [http-nio-1191-exec-4] HbaseGetService - Erro em get no hbase java.io.InterruptedIOException 
[ERROR] 2019-09-11 12:00:44.548 [http-nio-1191-exec-3] HbaseGetService - Erro em get no hbase java.io.InterruptedIOException 
[INFO ] 2019-09-11 12:00:58.542 [main] ApplicationHbaseGet - Starting ApplicationHbaseGet on debian with PID 6761 (/home/jefferson/Documentos/trabalho/claro/integracao/hbase-get/target/classes started by jefferson in /home/jefferson/Documentos/trabalho/claro/integracao/hbase-get)
[DEBUG] 2019-09-11 12:00:58.588 [main] ApplicationHbaseGet - Running with Spring Boot v2.1.0.RELEASE, Spring v5.1.2.RELEASE
[INFO ] 2019-09-11 12:00:58.590 [main] ApplicationHbaseGet - No active profile set, falling back to default profiles: default
[INFO ] 2019-09-11 12:01:15.858 [main] ApplicationHbaseGet - Started ApplicationHbaseGet in 19.186 seconds (JVM running for 26.333)
[INFO ] 2019-09-11 12:03:31.157 [main] ApplicationHbaseGet - Starting ApplicationHbaseGet on debian with PID 7532 (/home/jefferson/Documentos/trabalho/claro/integracao/hbase-get/target/classes started by jefferson in /home/jefferson/Documentos/trabalho/claro/integracao/hbase-get)
[DEBUG] 2019-09-11 12:03:31.174 [main] ApplicationHbaseGet - Running with Spring Boot v2.1.0.RELEASE, Spring v5.1.2.RELEASE
[INFO ] 2019-09-11 12:03:31.177 [main] ApplicationHbaseGet - No active profile set, falling back to default profiles: default
[INFO ] 2019-09-11 12:03:54.193 [main] ApplicationHbaseGet - Started ApplicationHbaseGet in 24.469 seconds (JVM running for 28.781)
